\BOOKMARK [0][-]{chapter*.8}{\376\377\000I\000n\000t\000r\000o\000d\000u\000c\000t\000i\000o\000n}{}% 1
\BOOKMARK [0][-]{chapter.1}{\376\377\000T\000h\000e\000o\000r\000e\000t\000i\000c\000a\000l\000\040\000B\000a\000c\000k\000g\000r\000o\000u\000n\000d}{}% 2
\BOOKMARK [1][-]{section.1.1}{\376\377\000B\000a\000s\000i\000c\000s\000\040\000o\000f\000\040\000C\000r\000y\000p\000t\000o\000g\000r\000a\000p\000h\000y}{chapter.1}% 3
\BOOKMARK [1][-]{section.1.2}{\376\377\000P\000,\000\040\000N\000P\000,\000\040\000a\000n\000d\000\040\000C\000o\000m\000p\000u\000t\000a\000t\000i\000o\000n\000a\000l\000\040\000H\000a\000r\000d\000n\000e\000s\000s}{chapter.1}% 4
\BOOKMARK [1][-]{section.1.3}{\376\377\000S\000y\000m\000m\000e\000t\000r\000i\000c\000\040\000a\000n\000d\000\040\000A\000s\000y\000m\000m\000e\000t\000r\000i\000c\000\040\000C\000r\000y\000p\000t\000o\000g\000r\000a\000p\000h\000y}{chapter.1}% 5
\BOOKMARK [1][-]{section.1.4}{\376\377\000T\000h\000e\000\040\000K\000n\000a\000p\000s\000a\000c\000k\000\040\000P\000r\000o\000b\000l\000e\000m}{chapter.1}% 6
\BOOKMARK [1][-]{section.1.5}{\376\377\000K\000n\000a\000p\000s\000a\000c\000k\000\040\000C\000r\000y\000p\000t\000o\000s\000y\000s\000t\000e\000m}{chapter.1}% 7
\BOOKMARK [2][-]{subsection.1.5.1}{\376\377\000K\000e\000y\000\040\000G\000e\000n\000e\000r\000a\000t\000i\000o\000n}{section.1.5}% 8
\BOOKMARK [2][-]{subsection.1.5.2}{\376\377\000E\000n\000c\000r\000y\000p\000t\000i\000o\000n}{section.1.5}% 9
\BOOKMARK [2][-]{subsection.1.5.3}{\376\377\000D\000e\000c\000r\000y\000p\000t\000i\000o\000n}{section.1.5}% 10
\BOOKMARK [0][-]{chapter.2}{\376\377\000I\000m\000p\000l\000e\000m\000e\000n\000t\000a\000t\000i\000o\000n\000\040\000a\000n\000d\000\040\000M\000e\000t\000h\000o\000d\000o\000l\000o\000g\000y}{}% 11
\BOOKMARK [1][-]{section.2.1}{\376\377\000C\000h\000o\000i\000c\000e\000\040\000o\000f\000\040\000P\000r\000o\000g\000r\000a\000m\000m\000i\000n\000g\000\040\000L\000a\000n\000g\000u\000a\000g\000e}{chapter.2}% 12
\BOOKMARK [1][-]{section.2.2}{\376\377\000A\000l\000g\000o\000r\000i\000t\000h\000m\000\040\000D\000e\000s\000i\000g\000n}{chapter.2}% 13
\BOOKMARK [1][-]{section.2.3}{\376\377\000T\000e\000s\000t\000i\000n\000g\000\040\000a\000n\000d\000\040\000V\000e\000r\000i\000f\000i\000c\000a\000t\000i\000o\000n}{chapter.2}% 14
\BOOKMARK [0][-]{chapter.3}{\376\377\000V\000a\000r\000i\000a\000t\000i\000o\000n\000s\000\040\000a\000n\000d\000\040\000C\000r\000y\000p\000t\000a\000n\000a\000l\000y\000s\000i\000s\000\040\000o\000f\000\040\000K\000n\000a\000p\000s\000a\000c\000k\000\040\000C\000r\000y\000p\000t\000o\000s\000y\000s\000t\000e\000m\000s}{}% 15
\BOOKMARK [1][-]{section.3.1}{\376\377\000W\000e\000a\000k\000n\000e\000s\000s\000e\000s\000\040\000o\000f\000\040\000t\000h\000e\000\040\000C\000l\000a\000s\000s\000i\000c\000a\000l\000\040\000M\000e\000r\000k\000l\000e\040\023\000H\000e\000l\000l\000m\000a\000n\000\040\000S\000c\000h\000e\000m\000e}{chapter.3}% 16
\BOOKMARK [2][-]{subsection.3.1.1}{\376\377\000S\000t\000r\000u\000c\000t\000u\000r\000a\000l\000\040\000W\000e\000a\000k\000n\000e\000s\000s\000\040\000o\000f\000\040\000t\000h\000e\000\040\000T\000r\000a\000p\000d\000o\000o\000r\000\040\000C\000o\000n\000s\000t\000r\000u\000c\000t\000i\000o\000n}{section.3.1}% 17
\BOOKMARK [2][-]{subsection.3.1.2}{\376\377\000S\000h\000a\000m\000i\000r\000'\000s\000\040\000P\000o\000l\000y\000n\000o\000m\000i\000a\000l\000-\000T\000i\000m\000e\000\040\000A\000t\000t\000a\000c\000k}{section.3.1}% 18
\BOOKMARK [2][-]{subsection.3.1.3}{\376\377\000L\000o\000w\000-\000D\000e\000n\000s\000i\000t\000y\000\040\000A\000t\000t\000a\000c\000k\000s\000\040\000a\000n\000d\000\040\000L\000a\000t\000t\000i\000c\000e\000\040\000M\000e\000t\000h\000o\000d\000s}{section.3.1}% 19
\BOOKMARK [2][-]{subsection.3.1.4}{\376\377\000W\000h\000y\000\040\000N\000P\000-\000C\000o\000m\000p\000l\000e\000t\000e\000n\000e\000s\000s\000\040\000D\000o\000e\000s\000\040\000N\000o\000t\000\040\000G\000u\000a\000r\000a\000n\000t\000e\000e\000\040\000S\000e\000c\000u\000r\000i\000t\000y\000\040\000H\000e\000r\000e}{section.3.1}% 20
\BOOKMARK [1][-]{section.3.2}{\376\377\000S\000e\000l\000e\000c\000t\000e\000d\000\040\000V\000a\000r\000i\000a\000t\000i\000o\000n\000s\000\040\000o\000f\000\040\000K\000n\000a\000p\000s\000a\000c\000k\000\040\000C\000r\000y\000p\000t\000o\000s\000y\000s\000t\000e\000m\000s}{chapter.3}% 21
\BOOKMARK [2][-]{subsection.3.2.1}{\376\377\000I\000t\000e\000r\000a\000t\000e\000d\000\040\000a\000n\000d\000\040\000M\000o\000d\000i\000f\000i\000e\000d\000\040\000M\000e\000r\000k\000l\000e\040\023\000H\000e\000l\000l\000m\000a\000n\000\040\000V\000a\000r\000i\000a\000n\000t\000s}{section.3.2}% 22
\BOOKMARK [2][-]{subsection.3.2.2}{\376\377\000P\000e\000r\000m\000u\000t\000a\000t\000i\000o\000n\000\040\000a\000n\000d\000\040\000M\000o\000d\000u\000l\000a\000r\000\040\000T\000r\000a\000n\000s\000f\000o\000r\000m\000a\000t\000i\000o\000n\000\040\000E\000n\000h\000a\000n\000c\000e\000m\000e\000n\000t\000s}{section.3.2}% 23
\BOOKMARK [2][-]{subsection.3.2.3}{\376\377\000C\000h\000o\000r\040\023\000R\000i\000v\000e\000s\000t\000\040\000K\000n\000a\000p\000s\000a\000c\000k\000-\000T\000y\000p\000e\000\040\000C\000r\000y\000p\000t\000o\000s\000y\000s\000t\000e\000m}{section.3.2}% 24
\BOOKMARK [2][-]{subsection.3.2.4}{\376\377\000O\000t\000h\000e\000r\000\040\000H\000i\000s\000t\000o\000r\000i\000c\000a\000l\000\040\000P\000r\000o\000p\000o\000s\000a\000l\000s\000\040\000\050\000B\000r\000i\000e\000f\000\040\000O\000v\000e\000r\000v\000i\000e\000w\000\051}{section.3.2}% 25
\BOOKMARK [1][-]{section.3.3}{\376\377\000C\000o\000m\000p\000a\000r\000i\000s\000o\000n\000\040\000o\000f\000\040\000V\000a\000r\000i\000a\000n\000t\000s}{chapter.3}% 26
\BOOKMARK [2][-]{subsection.3.3.1}{\376\377\000S\000e\000c\000u\000r\000i\000t\000y\000\040\000P\000e\000r\000s\000p\000e\000c\000t\000i\000v\000e}{section.3.3}% 27
\BOOKMARK [2][-]{subsection.3.3.2}{\376\377\000E\000f\000f\000i\000c\000i\000e\000n\000c\000y\000\040\000a\000n\000d\000\040\000I\000m\000p\000l\000e\000m\000e\000n\000t\000a\000t\000i\000o\000n\000\040\000C\000o\000m\000p\000l\000e\000x\000i\000t\000y}{section.3.3}% 28
\BOOKMARK [2][-]{subsection.3.3.3}{\376\377\000S\000u\000m\000m\000a\000r\000y\000\040\000T\000a\000b\000l\000e\000\040\000o\000f\000\040\000S\000c\000h\000e\000m\000e\000s\000\040\000a\000n\000d\000\040\000A\000t\000t\000a\000c\000k\000s}{section.3.3}% 29
\BOOKMARK [1][-]{section.3.4}{\376\377\000D\000i\000s\000c\000u\000s\000s\000i\000o\000n}{chapter.3}% 30
\BOOKMARK [2][-]{subsection.3.4.1}{\376\377\000L\000e\000s\000s\000o\000n\000s\000\040\000f\000r\000o\000m\000\040\000t\000h\000e\000\040\000R\000i\000s\000e\000\040\000a\000n\000d\000\040\000F\000a\000l\000l\000\040\000o\000f\000\040\000K\000n\000a\000p\000s\000a\000c\000k\000\040\000C\000r\000y\000p\000t\000o\000g\000r\000a\000p\000h\000y}{section.3.4}% 31
\BOOKMARK [2][-]{subsection.3.4.2}{\376\377\000I\000m\000p\000l\000i\000c\000a\000t\000i\000o\000n\000s\000\040\000f\000o\000r\000\040\000M\000o\000d\000e\000r\000n\000\040\000P\000u\000b\000l\000i\000c\000-\000K\000e\000y\000\040\000D\000e\000s\000i\000g\000n}{section.3.4}% 32
\BOOKMARK [0][-]{chapter.4}{\376\377\000R\000e\000s\000u\000l\000t\000s}{}% 33
\BOOKMARK [0][-]{chapter.5}{\376\377\000C\000o\000n\000c\000l\000u\000s\000i\000o\000n}{}% 34
